<?xml version="1.0" encoding="UTF-8"?>
<!-- Generated by org.testng.reporters.JUnitReportReporter -->
<testsuite hostname="LAPTOP-P9UFD5J0" failures="0" tests="1" name="Test.test1" time="27.691" errors="0" timestamp="2023-11-22T21:34:46 IST" skipped="0">
  <testcase classname="Test.test1" name="test" time="27.691"/>
  <system-out/>
</testsuite> <!-- Test.test1 -->
